-------------------------------------------------------
-------------------------------------------------------
-------------------------------------------------------
-------------------------------------------------------
-------------------------------------------------------
-------------------------------------------------------
-------------------------------------------------------
-------------------------------------------------------
-------------------------------------------------------
-------------------------------------------------------
-------------------------------------------------------
-------------------------XXXXXXX-XXXXXXXXX-XXXXXXXXX---
-----------------------------X---X-----X-X-X-------X---
-------------------------XXXXXXXXX-------X-XXXX---XX---
-------------------------X-------X-------X---X-----X---
-------------------------XXX-------------XXX-XXX--XX---
---------------------------X---------------X---X---X---
---------------------------X---------------XXXXX--XX---
---------------------------X-----------------X-X---X---
-------------------------XXX----------------------XX---
-------------------------X-------------------------X---
-------------------------X------------------------XX---
-------------------------X---X-X-----X-----X-------X---
-------------------------XXXXXXXXXXXXXXXXXXXXXXXXXXX---
-------------------------------------------------------
-------------------------------------------------------
-------------------------------------------------------
